<?xml version="1.0" encoding="UTF-8"?>
<testsuites name="jest tests" tests="10" failures="10" errors="0" time="6.513">
  <testsuite name="TarifaDiaria Model" errors="0" failures="8" skipped="0" timestamp="2025-05-28T02:48:41" time="3.941" tests="8">
    <testcase classname="TarifaDiaria Model › Constructor" name="debería crear una instancia con los valores correctos" time="0.009">
      <failure>error: la autentificaci�n password fall� para el usuario �user_parqueadero�
    at C:\2 - UNIVERSIDAD\IngenieriaDeSoftware\backend_paqueadero\soyelbackend\node_modules\pg-pool\index.js:45:11
    at processTicksAndRejections (node:internal/process/task_queues:105:5)</failure>
    </testcase>
    <testcase classname="TarifaDiaria Model › Constructor" name="debería crear una instancia con valores numéricos válidos" time="0">
      <failure>error: la autentificaci�n password fall� para el usuario �user_parqueadero�
    at C:\2 - UNIVERSIDAD\IngenieriaDeSoftware\backend_paqueadero\soyelbackend\node_modules\pg-pool\index.js:45:11
    at processTicksAndRejections (node:internal/process/task_queues:105:5)</failure>
    </testcase>
    <testcase classname="TarifaDiaria Model › Getters" name="debería retornar el código de parqueadero correcto" time="0.001">
      <failure>error: la autentificaci�n password fall� para el usuario �user_parqueadero�
    at C:\2 - UNIVERSIDAD\IngenieriaDeSoftware\backend_paqueadero\soyelbackend\node_modules\pg-pool\index.js:45:11
    at processTicksAndRejections (node:internal/process/task_queues:105:5)</failure>
    </testcase>
    <testcase classname="TarifaDiaria Model › Getters" name="debería retornar el código de tipo de vehículo correcto" time="0">
      <failure>error: la autentificaci�n password fall� para el usuario �user_parqueadero�
    at C:\2 - UNIVERSIDAD\IngenieriaDeSoftware\backend_paqueadero\soyelbackend\node_modules\pg-pool\index.js:45:11
    at processTicksAndRejections (node:internal/process/task_queues:105:5)</failure>
    </testcase>
    <testcase classname="TarifaDiaria Model › Getters" name="debería retornar el valor de tarifa diaria correcto" time="0">
      <failure>error: la autentificaci�n password fall� para el usuario �user_parqueadero�
    at C:\2 - UNIVERSIDAD\IngenieriaDeSoftware\backend_paqueadero\soyelbackend\node_modules\pg-pool\index.js:45:11
    at processTicksAndRejections (node:internal/process/task_queues:105:5)</failure>
    </testcase>
    <testcase classname="TarifaDiaria Model › Setters" name="debería actualizar el código de parqueadero" time="0">
      <failure>error: la autentificaci�n password fall� para el usuario �user_parqueadero�
    at C:\2 - UNIVERSIDAD\IngenieriaDeSoftware\backend_paqueadero\soyelbackend\node_modules\pg-pool\index.js:45:11
    at processTicksAndRejections (node:internal/process/task_queues:105:5)</failure>
    </testcase>
    <testcase classname="TarifaDiaria Model › Setters" name="debería actualizar el código de tipo de vehículo" time="0">
      <failure>error: la autentificaci�n password fall� para el usuario �user_parqueadero�
    at C:\2 - UNIVERSIDAD\IngenieriaDeSoftware\backend_paqueadero\soyelbackend\node_modules\pg-pool\index.js:45:11
    at processTicksAndRejections (node:internal/process/task_queues:105:5)</failure>
    </testcase>
    <testcase classname="TarifaDiaria Model › Setters" name="debería actualizar el valor de tarifa diaria" time="0">
      <failure>error: la autentificaci�n password fall� para el usuario �user_parqueadero�
    at C:\2 - UNIVERSIDAD\IngenieriaDeSoftware\backend_paqueadero\soyelbackend\node_modules\pg-pool\index.js:45:11
    at processTicksAndRejections (node:internal/process/task_queues:105:5)</failure>
    </testcase>
  </testsuite>
  <testsuite name="Servicio de Rol" errors="0" failures="2" skipped="0" timestamp="2025-05-28T02:48:42" time="4.564" tests="2">
    <testcase classname="Servicio de Rol" name="debería poder conectarse a la base de datos" time="0.01">
      <failure>error: la autentificaci�n password fall� para el usuario �user_parqueadero�
    at C:\2 - UNIVERSIDAD\IngenieriaDeSoftware\backend_paqueadero\soyelbackend\node_modules\pg-pool\index.js:45:11
    at processTicksAndRejections (node:internal/process/task_queues:105:5)</failure>
    </testcase>
    <testcase classname="Servicio de Rol › crear rol" name="deberia crear un rol" time="0">
      <failure>error: la autentificaci�n password fall� para el usuario �user_parqueadero�
    at C:\2 - UNIVERSIDAD\IngenieriaDeSoftware\backend_paqueadero\soyelbackend\node_modules\pg-pool\index.js:45:11
    at processTicksAndRejections (node:internal/process/task_queues:105:5)</failure>
    </testcase>
  </testsuite>
</testsuites>