<?xml version="1.0" encoding="UTF-8"?>
<testsuites name="jest tests" tests="42" failures="0" errors="0" time="2.481">
  <testsuite name="Servicio Tarifa Diaria - Tests Unitarios" errors="0" failures="0" skipped="0" timestamp="2025-06-03T00:52:41" time="1.546" tests="42">
    <testcase classname="Servicio Tarifa Diaria - Tests Unitarios › TarifaDiaria Model" name="debería crear una instancia de TarifaDiaria correctamente" time="0.01">
    </testcase>
    <testcase classname="Servicio Tarifa Diaria - Tests Unitarios › TarifaDiaria Model" name="debería permitir modificar valores usando setters" time="0.001">
    </testcase>
    <testcase classname="Servicio Tarifa Diaria - Tests Unitarios › TarifaDiaria Model" name="debería validar que los valores son números" time="0.002">
    </testcase>
    <testcase classname="Servicio Tarifa Diaria - Tests Unitarios › Response Helpers" name="debería crear response mock correctamente" time="0.007">
    </testcase>
    <testcase classname="Servicio Tarifa Diaria - Tests Unitarios › Response Helpers" name="debería crear request mock correctamente" time="0.001">
    </testcase>
    <testcase classname="Servicio Tarifa Diaria - Tests Unitarios › Validación de Parámetros" name="debería validar parámetros de entrada correctamente" time="0.001">
    </testcase>
    <testcase classname="Servicio Tarifa Diaria - Tests Unitarios › Validación de Parámetros" name="debería manejar parámetros faltantes" time="0.001">
    </testcase>
    <testcase classname="Servicio Tarifa Diaria - Tests Unitarios › Validación de Parámetros" name="debería validar tipos de datos en parámetros" time="0.001">
    </testcase>
    <testcase classname="Servicio Tarifa Diaria - Tests Unitarios › Manejo de Responses" name="debería simular respuesta de éxito 201" time="0">
    </testcase>
    <testcase classname="Servicio Tarifa Diaria - Tests Unitarios › Manejo de Responses" name="debería simular respuesta de error 400" time="0.004">
    </testcase>
    <testcase classname="Servicio Tarifa Diaria - Tests Unitarios › Manejo de Responses" name="debería simular respuesta de error 404" time="0.001">
    </testcase>
    <testcase classname="Servicio Tarifa Diaria - Tests Unitarios › Manejo de Responses" name="debería simular respuesta de error 500" time="0.001">
    </testcase>
    <testcase classname="Servicio Tarifa Diaria - Tests Unitarios › Manejo de Responses" name="debería simular respuesta de consulta exitosa" time="0.001">
    </testcase>
    <testcase classname="Servicio Tarifa Diaria - Tests Unitarios › Casos de Uso - Crear Tarifa" name="debería validar datos para crear tarifa exitosamente" time="0.001">
    </testcase>
    <testcase classname="Servicio Tarifa Diaria - Tests Unitarios › Casos de Uso - Crear Tarifa" name="debería simular flujo completo de creación exitosa" time="0">
    </testcase>
    <testcase classname="Servicio Tarifa Diaria - Tests Unitarios › Casos de Uso - Crear Tarifa" name="debería simular flujo de validación de duplicados" time="0.001">
    </testcase>
    <testcase classname="Servicio Tarifa Diaria - Tests Unitarios › Casos de Uso - Consultar Tarifas" name="debería simular consulta de todas las tarifas exitosa" time="0.001">
    </testcase>
    <testcase classname="Servicio Tarifa Diaria - Tests Unitarios › Casos de Uso - Consultar Tarifas" name="debería simular consulta cuando no hay tarifas" time="0">
    </testcase>
    <testcase classname="Servicio Tarifa Diaria - Tests Unitarios › Casos de Uso - Consultar Tarifas" name="debería simular consulta por parámetros específicos" time="0.001">
    </testcase>
    <testcase classname="Servicio Tarifa Diaria - Tests Unitarios › Validaciones de Negocio" name="debería validar que el valor de tarifa sea positivo" time="0">
    </testcase>
    <testcase classname="Servicio Tarifa Diaria - Tests Unitarios › Validaciones de Negocio" name="debería validar que los códigos sean enteros positivos" time="0.001">
    </testcase>
    <testcase classname="Servicio Tarifa Diaria - Tests Unitarios › Validaciones de Negocio" name="debería validar formato de respuestas de error" time="0.002">
    </testcase>
    <testcase classname="Servicio Tarifa Diaria - Tests Unitarios › Validaciones de Negocio" name="debería validar estructura de respuesta exitosa" time="0.001">
    </testcase>
    <testcase classname="Servicio Tarifa Diaria - Tests Unitarios › Casos de Uso - Borrar Tarifa" name="debería simular borrado exitoso de tarifa existente" time="0.001">
    </testcase>
    <testcase classname="Servicio Tarifa Diaria - Tests Unitarios › Casos de Uso - Borrar Tarifa" name="debería simular error 404 cuando tarifa no existe para borrar" time="0.001">
    </testcase>
    <testcase classname="Servicio Tarifa Diaria - Tests Unitarios › Casos de Uso - Borrar Tarifa" name="debería simular error interno en borrado" time="0.003">
    </testcase>
    <testcase classname="Servicio Tarifa Diaria - Tests Unitarios › Casos de Uso - Borrar Tarifa" name="debería validar parámetros requeridos para borrado" time="0.002">
    </testcase>
    <testcase classname="Servicio Tarifa Diaria - Tests Unitarios › Casos de Uso - Actualizar Tarifa" name="debería simular actualización exitosa de tarifa existente" time="0.005">
    </testcase>
    <testcase classname="Servicio Tarifa Diaria - Tests Unitarios › Casos de Uso - Actualizar Tarifa" name="debería simular error 404 cuando tarifa no existe para actualizar" time="0.003">
    </testcase>
    <testcase classname="Servicio Tarifa Diaria - Tests Unitarios › Casos de Uso - Actualizar Tarifa" name="debería simular error interno en actualización" time="0">
    </testcase>
    <testcase classname="Servicio Tarifa Diaria - Tests Unitarios › Casos de Uso - Actualizar Tarifa" name="debería validar datos requeridos para actualización" time="0.001">
    </testcase>
    <testcase classname="Servicio Tarifa Diaria - Tests Unitarios › Casos de Uso - Actualizar Tarifa" name="debería validar que el nuevo valor sea positivo" time="0.001">
    </testcase>
    <testcase classname="Servicio Tarifa Diaria - Tests Unitarios › Casos de Uso - Actualizar Tarifa" name="debería simular flujo completo de actualización" time="0">
    </testcase>
    <testcase classname="Servicio Tarifa Diaria - Tests Unitarios › Validaciones CRUD Completas" name="debería validar operaciones CRUD en secuencia" time="0">
    </testcase>
    <testcase classname="Servicio Tarifa Diaria - Tests Unitarios › Validaciones CRUD Completas" name="debería validar consistencia de códigos de estado HTTP" time="0.001">
    </testcase>
    <testcase classname="Servicio Tarifa Diaria - Tests Unitarios › Validaciones CRUD Completas" name="debería validar estructura de respuestas para todas las operaciones" time="0.001">
    </testcase>
    <testcase classname="Servicio Tarifa Diaria - Tests Unitarios › Edge Cases" name="debería manejar parámetros con valores extremos" time="0">
    </testcase>
    <testcase classname="Servicio Tarifa Diaria - Tests Unitarios › Edge Cases" name="debería manejar conversión de strings a números" time="0">
    </testcase>
    <testcase classname="Servicio Tarifa Diaria - Tests Unitarios › Edge Cases" name="debería detectar parámetros inválidos" time="0.002">
    </testcase>
    <testcase classname="Servicio Tarifa Diaria - Tests Unitarios › Edge Cases" name="debería manejar valores de actualización extremos" time="0.001">
    </testcase>
    <testcase classname="Servicio Tarifa Diaria - Tests Unitarios › Edge Cases" name="debería validar integridad de datos en operaciones" time="0.001">
    </testcase>
    <testcase classname="Servicio Tarifa Diaria - Tests Unitarios › Edge Cases" name="debería manejar errores de validación de datos" time="0.001">
    </testcase>
  </testsuite>
</testsuites>