<?xml version="1.0" encoding="UTF-8"?>
<testsuites name="jest tests" tests="1" failures="1" errors="0" time="4.034">
  <testsuite name="Servicio de Rol" errors="0" failures="1" skipped="0" timestamp="2025-05-25T16:14:07" time="3.61" tests="1">
    <testcase classname="Servicio de Rol" name="debería pasar un test básico" time="0.003">
      <failure>Error: getaddrinfo ENOTFOUND undefined
    at GetAddrInfoReqWrap.onlookupall [as oncomplete] (node:dns:122:26)</failure>
    </testcase>
  </testsuite>
</testsuites>