<?xml version="1.0" encoding="UTF-8"?>
<testsuites name="jest tests" tests="2" failures="0" errors="0" time="1.88">
  <testsuite name="Servicio de Rol" errors="0" failures="0" skipped="0" timestamp="2025-05-25T17:16:17" time="1.419" tests="2">
    <testcase classname="Servicio de Rol" name="debería poder conectarse a la base de datos" time="0.007">
    </testcase>
    <testcase classname="Servicio de Rol › crear rol" name="deberia crear un rol" time="0.014">
    </testcase>
  </testsuite>
</testsuites>